<?xml version="1.0" encoding="UTF-8"?>
<!-- Generated by org.testng.reporters.JUnitReportReporter -->
<testsuite hostname="DESKTOP-48DOCID" failures="0" tests="1" name="oss.quantum.test" time="0.009" errors="0" timestamp="2024-03-08T19:00:55 IST" skipped="0">
  <testcase classname="oss.quantum.test" name="tc" time="0.009"/>
  <system-out/>
</testsuite> <!-- oss.quantum.test -->
