<?xml version="1.0" encoding="UTF-8"?>
<!-- Generated by org.testng.reporters.JUnitReportReporter -->
<testsuite hostname="DESKTOP-48DOCID" failures="0" tests="1" name="oss.quantum.bookAppointment" time="48.544" errors="0" timestamp="2024-03-11T12:43:38 IST" skipped="0">
  <testcase classname="oss.quantum.bookAppointment" name="Appointment" time="48.544"/>
  <system-out/>
</testsuite> <!-- oss.quantum.bookAppointment -->
