<?xml version="1.0" encoding="UTF-8"?>
<!-- Generated by org.testng.reporters.JUnitReportReporter -->
<testsuite hostname="DESKTOP-48DOCID" failures="0" tests="4" name="oss.quantum.quantumcorp" time="63.787" errors="0" timestamp="2024-03-12T10:04:50 IST" skipped="0">
  <testcase classname="oss.quantum.quantumcorp" name="bookAppointment" time="16.410"/>
  <system-out/>
  <testcase classname="oss.quantum.quantumcorp" name="addPatient" time="13.450"/>
  <system-out/>
  <testcase classname="oss.quantum.quantumcorp" name="scheduleAppointment" time="6.865"/>
  <system-out/>
  <testcase classname="oss.quantum.quantumcorp" name="payment" time="27.062"/>
  <system-out/>
</testsuite> <!-- oss.quantum.quantumcorp -->
